<?xml version="1.0" encoding="UTF-8"?>
<!-- Generated by org.testng.reporters.JUnitReportReporter -->
<testsuite hostname="sheeba" failures="0" tests="1" name="SeleniumTest.WebDriverManagerTest" time="2.715" errors="0" timestamp="10 Feb 2022 00:11:20 GMT" skipped="0">
  <testcase classname="SeleniumTest.WebDriverManagerTest" name="LoginTest" time="2.715"/>
</testsuite> <!-- SeleniumTest.WebDriverManagerTest -->
